Removed Pin From Net: NetName=GND Pin=C1-2
Removed Pin From Net: NetName=GND Pin=C1-4
Removed Pin From Net: NetName=VCC Pin=C1-6
Removed Pin From Net: NetName=VCC Pin=C2-1
Removed Pin From Net: NetName=GND Pin=C2-2
Removed Pin From Net: NetName=GND Pin=IC1-2
Removed Pin From Net: NetName=VCC Pin=JDC-1
Removed Pin From Net: NetName=GND Pin=JDC-2
Removed Pin From Net: NetName=GND Pin=JDC-3
Removed Pin From Net: NetName=VCC Pin=R1-2
Removed Member From Class: ClassName=Sheet1 Member=C3
Removed Member From Class: ClassName=Sheet1 Member=JDC
Removed Member From Class: ClassName=Sheet1 Member=R1
Change Component Footprint: Designator=C1 Old Footprint=JP6-C1T New Footprint=JP4-C1T
Change Component Comment : Designator=C1 Old Comment=JP6 New Comment=JP4
Change Component Designator: OldDesignator=C3 NewDesignator=C2
Change component parameters: Designator = "C1" ("C1"); Footprint = "JP6-C1T"; UniqueID = "\YXBIWEVI" ("\YXBIWEVI")
Change component parameters (AddParameter): Name = "ComponentLink1 Description"; Value = "Manufacturer"; VariantName = "[No Variations]"
Change component parameters (AddParameter): Name = "ComponentLink1URL"; Value = "http://www.we-online.com"; VariantName = "[No Variations]"
Change component parameters (AddParameter): Name = "ComponentLink2 Description"; Value = "Datasheet"; VariantName = "[No Variations]"
Change component parameters (AddParameter): Name = "ComponentLink2URL"; Value = "http://katalog.we-online.de/em/datasheet/6130xx143121.pdf"; VariantName = "[No Variations]"
Change component parameters (AddParameter): Name = "Created by"; Value = "Karrer Zheng"; VariantName = "[No Variations]"
Change component parameters (AddParameter): Name = "Created Date"; Value = "29 March 2013"; VariantName = "[No Variations]"
Change component parameters (AddParameter): Name = "Manufacturer"; Value = "W¨¹rth Elektronik eiSos GmbH"; VariantName = "[No Variations]"
Change component parameters (AddParameter): Name = "NoPins"; Value = "04"; VariantName = "[No Variations]"
Change component parameters (AddParameter): Name = "partNo"; Value = "613004143121"; VariantName = "[No Variations]"
Added Pin To Net: NetName=GND Pin=C1-1
Added Pin To Net: NetName=VCC Pin=C1-4
Added Pin To Net: NetName=RX Pin=C1-3
Added Pin To Net: NetName=RX Pin=IC1-22
Added Net: Name=RX
Added Pin To Net: NetName=TX Pin=C1-2
Added Pin To Net: NetName=TX Pin=IC1-23
Added Net: Name=TX
