Removed Pin From Net: NetName=VCC Pin=*1-1
Removed Pin From Net: NetName=GND Pin=*1-2
Removed Pin From Net: NetName=SDA Pin=*1-5
Removed Pin From Net: NetName=SCL Pin=*1-6
Removed Pin From Net: NetName=TX Pin=*1-7
Removed Pin From Net: NetName=RX Pin=*1-8
Removed Member From Class: ClassName=Sheet1 Member=*2
Change Component Designator: OldDesignator=*2 NewDesignator=*1
Change Component Designator: OldDesignator=C1 NewDesignator=C2
Added Component: Designator=C1(JP2-C1T)
Add component (AddParameter): Name = "ComponentLink1 Description"; Value = "Manufacturer"; VariantName = "[No Variations]"
Add component (AddParameter): Name = "ComponentLink1URL"; Value = "http://www.we-online.com"; VariantName = "[No Variations]"
Add component (AddParameter): Name = "ComponentLink2 Description"; Value = "Datasheet"; VariantName = "[No Variations]"
Add component (AddParameter): Name = "ComponentLink2URL"; Value = "http://katalog.we-online.de/em/datasheet/6130xx143121.pdf"; VariantName = "[No Variations]"
Add component (AddParameter): Name = "Created by"; Value = "Karrer Zheng"; VariantName = "[No Variations]"
Add component (AddParameter): Name = "Created Date"; Value = "29 March 2013"; VariantName = "[No Variations]"
Add component (AddParameter): Name = "Manufacturer"; Value = "W¨¹rth Elektronik eiSos GmbH"; VariantName = "[No Variations]"
Add component (AddParameter): Name = "NoPins"; Value = "02"; VariantName = "[No Variations]"
Add component (AddParameter): Name = "partNo"; Value = "613002143121"; VariantName = "[No Variations]"
Added Component: Designator=IC1(ESP8266 NodeMCU)
Add component (AddParameter): Name = "WEB"; Value = "TECHMT.VN"; VariantName = "[No Variations]"
Added Pin To Net: NetName=VCC Pin=C1-1
Added Pin To Net: NetName=GND Pin=C1-2
Added Pin To Net: NetName=GND Pin=IC1-14
Added Pin To Net: NetName=VCC Pin=IC1-15
Added Pin To Net: NetName=RX Pin=IC1-18
Added Pin To Net: NetName=TX Pin=IC1-19
Added Pin To Net: NetName=SDA Pin=IC1-28
Added Pin To Net: NetName=SCL Pin=IC1-29
Added Member To Class: ClassName=Sheet1 Member=Component C2 JP4
Added Member To Class: ClassName=Sheet1 Member=Component IC1 ESP8266 NODE MCU
